make: Entering directory '/home/andyl/vortex/tests/regressions/dot8_base'
LD_LIBRARY_PATH=/home/andyl/vortex/runtime: VORTEX_DRIVER=rtlsim ./dot8_base -n 256
open device connection
CONFIGS: num_threads=8, num_warps=8, num_cores=4, num_clusters=1, socket_size=4, local_mem_base=0xffff0000, num_barriers=4
data type: float
matrix size: 256x256
allocate device memory
A_addr=0x10000
B_addr=0x50000
C_addr=0x90000
upload matrix A buffer
upload matrix B buffer
Upload kernel binary
upload kernel argument
start device
wait for completion
Elapsed time: 2.2603e+06 ms
download destination buffer
verify result
cleanup
PERF: core0: scheduler idle=10827409 (60%)
PERF: core0: scheduler stalls=5787532 (32%)
PERF: core0: ibuffer stalls=610104 (3%)
PERF: core0: scoreboard stalls=10150317 (56%) (alu=32%, lsu=67%, csrs=0%, wctl=0%, fpu=0%)
PERF: core0: operands stalls=8312 (0%)
PERF: core0: ifetches=3749900
PERF: core0: ifetch latency=5 cycles
PERF: core0: loads=8504784
PERF: core0: load latency=28 cycles
PERF: core0: stores=84442
PERF: core0: instrs=29996573, cycles=17876173, IPC=1.678020
PERF: core1: scheduler idle=10838641 (60%)
PERF: core1: scheduler stalls=5825668 (32%)
PERF: core1: ibuffer stalls=639298 (3%)
PERF: core1: scoreboard stalls=10208793 (56%) (alu=32%, lsu=67%, csrs=0%, wctl=0%, fpu=0%)
PERF: core1: operands stalls=8312 (0%)
PERF: core1: ifetches=3749900
PERF: core1: ifetch latency=5 cycles
PERF: core1: loads=8504784
PERF: core1: load latency=28 cycles
PERF: core1: stores=84442
PERF: core1: instrs=29996573, cycles=17964355, IPC=1.669783
PERF: core2: scheduler idle=10840853 (60%)
PERF: core2: scheduler stalls=5840359 (32%)
PERF: core2: ibuffer stalls=648630 (3%)
PERF: core2: scoreboard stalls=10208972 (56%) (alu=32%, lsu=67%, csrs=0%, wctl=0%, fpu=0%)
PERF: core2: operands stalls=8312 (0%)
PERF: core2: ifetches=3749900
PERF: core2: ifetch latency=5 cycles
PERF: core2: loads=8504784
PERF: core2: load latency=28 cycles
PERF: core2: stores=84442
PERF: core2: instrs=29996573, cycles=17964332, IPC=1.669785
PERF: core3: scheduler idle=10859610 (60%)
PERF: core3: scheduler stalls=5804892 (32%)
PERF: core3: ibuffer stalls=625421 (3%)
PERF: core3: scoreboard stalls=10106482 (56%) (alu=32%, lsu=67%, csrs=0%, wctl=0%, fpu=0%)
PERF: core3: operands stalls=8312 (0%)
PERF: core3: ifetches=3749900
PERF: core3: ifetch latency=5 cycles
PERF: core3: loads=8504784
PERF: core3: load latency=28 cycles
PERF: core3: stores=84442
PERF: core3: instrs=29996573, cycles=17876174, IPC=1.678020
PERF: scheduler idle=43366513 (60%)
PERF: scheduler stalls=23258451 (32%)
PERF: ibuffer stalls=2523453 (3%)
PERF: scoreboard stalls=40674564 (56%) (alu=32%, lsu=67%, csrs=0%, wctl=0%, fpu=0%)
PERF: operands stalls=33248 (0%)
PERF: ifetches=14999600
PERF: loads=34019136
PERF: stores=337768
PERF: ifetch latency=5 cycles
PERF: load latency=28 cycles
PERF: instrs=119986292, cycles=17964355, IPC=6.679132
PASSED!
make: Leaving directory '/home/andyl/vortex/tests/regressions/dot8_base'