make: Entering directory '/home/andyl/vortex/tests/regressions/dot8'
LD_LIBRARY_PATH=/home/andyl/vortex/runtime: VORTEX_DRIVER=simx ./dot8 -n256
open device connection
CONFIGS: num_threads=4, num_warps=8, num_cores=4, num_clusters=1, socket_size=4, local_mem_base=0xffff0000, num_barriers=4
[VXDRV] DEV_OPEN: hdevice=0x55a804acbfd0
[VXDRV] DCR_WRITE: hdevice=0x55a804acbfd0, addr=0x1, value=0x80000000
[VXDRV] DCR_WRITE: hdevice=0x55a804acbfd0, addr=0x2, value=0x0
[VXDRV] DCR_WRITE: hdevice=0x55a804acbfd0, addr=0x3, value=0x0
[VXDRV] DCR_WRITE: hdevice=0x55a804acbfd0, addr=0x4, value=0x0
[VXDRV] DCR_WRITE: hdevice=0x55a804acbfd0, addr=0x5, value=0x0
data type: integer
matrix size: 256x256
allocate device memory
[VXDRV] [RT:mem_alloc] size: 0x10000, asize, 0x10000,flag : 0x1
[VXDRV] MEM_ALLOC: hdevice=0x55a804acbfd0, size=65536, flags=0x1, hbuffer=0x55a804c544c0
[VXDRV] MEM_ADDRESS: hbuffer=0x55a804c544c0, address=0x10000
[VXDRV] [RT:mem_alloc] size: 0x10000, asize, 0x10000,flag : 0x1
[VXDRV] MEM_ALLOC: hdevice=0x55a804acbfd0, size=65536, flags=0x1, hbuffer=0x55a804c545b0
[VXDRV] MEM_ADDRESS: hbuffer=0x55a804c545b0, address=0x20000
[VXDRV] [RT:mem_alloc] size: 0x40000, asize, 0x40000,flag : 0x2
[VXDRV] MEM_ALLOC: hdevice=0x55a804acbfd0, size=262144, flags=0x2, hbuffer=0x55a804c54660
[VXDRV] MEM_ADDRESS: hbuffer=0x55a804c54660, address=0x30000
A_addr=0x10000
B_addr=0x20000
C_addr=0x30000
upload matrix A buffer
[VXDRV] COPY_TO_DEV: hbuffer=0x55a804c544c0, host_addr=0x55a804c54680, dst_offset=0, size=65536
upload matrix B buffer
[VXDRV] COPY_TO_DEV: hbuffer=0x55a804c545b0, host_addr=0x55a804c64690, dst_offset=0, size=65536
Upload kernel binary
[VXDRV] [RT:mem_reserve] addr: 0x80000000, asize:0x73a4, size: 0x73a4
[VXDRV] MEM_RESERVE: hdevice=0x55a804acbfd0, address=0x80000000, size=29604, flags=0x0, hbuffer=0x55a804c9e600
[VXDRV] MEM_ACCESS: hbuffer=0x55a804c9e600, offset=0, size=29576, flags=1
[VXDRV] MEM_ACCESS: hbuffer=0x55a804c9e600, offset=29576, size=28, flags=3
[VXDRV] COPY_TO_DEV: hbuffer=0x55a804c9e600, host_addr=0x55a804c971e0, dst_offset=0, size=29576
upload kernel argument
[VXDRV] [RT:mem_alloc] size: 0x28, asize, 0x28,flag : 0x1
[VXDRV] MEM_ALLOC: hdevice=0x55a804acbfd0, size=40, flags=0x1, hbuffer=0x55a804c952e0
[VXDRV] COPY_TO_DEV: hbuffer=0x55a804c952e0, host_addr=0x55a8042e11a0, dst_offset=0, size=40
start device
[VXDRV] DCR_WRITE: hdevice=0x55a804acbfd0, addr=0x5, value=0x1
[VXDRV] START: hdevice=0x55a804acbfd0, hkernel=0x55a804c9e600, harguments=0x55a804c952e0
wait for completion
[VXDRV] READY_WAIT: hdevice=0x55a804acbfd0, timeout=86400000
Elapsed time: 2.30831e+06 ms
download destination buffer
[VXDRV] COPY_FROM_DEV: hbuffer=0x55a804c54660, host_addr=0x7f9cf0d44010, src_offset=0, size=262144
verify result
cleanup
[VXDRV] MEM_FREE: hbuffer=0x55a804c544c0
[VXDRV] MEM_FREE: hbuffer=0x55a804c545b0
[VXDRV] MEM_FREE: hbuffer=0x55a804c54660
[VXDRV] MEM_FREE: hbuffer=0x55a804c9e600
[VXDRV] MEM_FREE: hbuffer=0x55a804c952e0
[VXDRV] DEV_CAPS: hdevice=0x55a804acbfd0, caps_id=3, value=4
[VXDRV] DEV_CAPS: hdevice=0x55a804acbfd0, caps_id=7, value=220126515488
[VXDRV] DEV_CAPS: hdevice=0x55a804acbfd0, caps_id=8, value=2
[VXDRV] MPM_QUERY: hdevice=0x55a804acbfd0, addr=0xb00, core_id=0, value=0x1fa4c36
[VXDRV] MPM_QUERY: hdevice=0x55a804acbfd0, addr=0xb02, core_id=0, value=0x1ec9bac
[VXDRV] MPM_QUERY: hdevice=0x55a804acbfd0, addr=0xb03, core_id=0, value=0x17f24a8
PERF: core0: scheduler idle=25109672 (75%)
[VXDRV] MPM_QUERY: hdevice=0x55a804acbfd0, addr=0xb04, core_id=0, value=0x0
PERF: core0: scheduler stalls=0 (0%)
[VXDRV] MPM_QUERY: hdevice=0x55a804acbfd0, addr=0xb05, core_id=0, value=0x2d550c
PERF: core0: ibuffer stalls=2970892 (8%)
[VXDRV] MPM_QUERY: hdevice=0x55a804acbfd0, addr=0xb06, core_id=0, value=0x82e593
[VXDRV] MPM_QUERY: hdevice=0x55a804acbfd0, addr=0xb08, core_id=0, value=0x81279b
[VXDRV] MPM_QUERY: hdevice=0x55a804acbfd0, addr=0xb09, core_id=0, value=0x0
[VXDRV] MPM_QUERY: hdevice=0x55a804acbfd0, addr=0xb0a, core_id=0, value=0x38fad9c
[VXDRV] MPM_QUERY: hdevice=0x55a804acbfd0, addr=0xb13, core_id=0, value=0x0
[VXDRV] MPM_QUERY: hdevice=0x55a804acbfd0, addr=0xb14, core_id=0, value=0x0
[VXDRV] MPM_QUERY: hdevice=0x55a804acbfd0, addr=0xb0c, core_id=0, value=0x5c
[VXDRV] MPM_QUERY: hdevice=0x55a804acbfd0, addr=0xb0d, core_id=0, value=0x0
PERF: core0: scoreboard stalls=8578451 (25%) (alu=12%, lsu=87%, csrs=0%, wctl=0%, fpu=0%)
[VXDRV] MPM_QUERY: hdevice=0x55a804acbfd0, addr=0xb07, core_id=0, value=0x85078
PERF: core0: operands stalls=544888 (1%)
[VXDRV] MPM_QUERY: hdevice=0x55a804acbfd0, addr=0xb0e, core_id=0, value=0x7b280a
PERF: core0: ifetches=8071178
[VXDRV] MPM_QUERY: hdevice=0x55a804acbfd0, addr=0xb11, core_id=0, value=0xd751df5
PERF: core0: ifetch latency=27 cycles
[VXDRV] MPM_QUERY: hdevice=0x55a804acbfd0, addr=0xb0f, core_id=0, value=0x82c2f0
PERF: core0: loads=8569584
[VXDRV] MPM_QUERY: hdevice=0x55a804acbfd0, addr=0xb12, core_id=0, value=0xdbf19db
PERF: core0: load latency=26 cycles
[VXDRV] MPM_QUERY: hdevice=0x55a804acbfd0, addr=0xb10, core_id=0, value=0x24519
PERF: core0: stores=148761
PERF: core0: instrs=32283564, cycles=33180726, IPC=0.972961
[VXDRV] MPM_QUERY: hdevice=0x55a804acbfd0, addr=0xb00, core_id=1, value=0x1fa1dba
[VXDRV] MPM_QUERY: hdevice=0x55a804acbfd0, addr=0xb02, core_id=1, value=0x1ec9bac
[VXDRV] MPM_QUERY: hdevice=0x55a804acbfd0, addr=0xb03, core_id=1, value=0x17ef62d
PERF: core1: scheduler idle=25097773 (75%)
[VXDRV] MPM_QUERY: hdevice=0x55a804acbfd0, addr=0xb04, core_id=1, value=0x0
PERF: core1: scheduler stalls=0 (0%)
[VXDRV] MPM_QUERY: hdevice=0x55a804acbfd0, addr=0xb05, core_id=1, value=0x2d2f23
PERF: core1: ibuffer stalls=2961187 (8%)
[VXDRV] MPM_QUERY: hdevice=0x55a804acbfd0, addr=0xb06, core_id=1, value=0x817f62
[VXDRV] MPM_QUERY: hdevice=0x55a804acbfd0, addr=0xb08, core_id=1, value=0x801178
[VXDRV] MPM_QUERY: hdevice=0x55a804acbfd0, addr=0xb09, core_id=1, value=0x0
[VXDRV] MPM_QUERY: hdevice=0x55a804acbfd0, addr=0xb0a, core_id=1, value=0x387c996
[VXDRV] MPM_QUERY: hdevice=0x55a804acbfd0, addr=0xb13, core_id=1, value=0x0
[VXDRV] MPM_QUERY: hdevice=0x55a804acbfd0, addr=0xb14, core_id=1, value=0x0
[VXDRV] MPM_QUERY: hdevice=0x55a804acbfd0, addr=0xb0c, core_id=1, value=0x5b
[VXDRV] MPM_QUERY: hdevice=0x55a804acbfd0, addr=0xb0d, core_id=1, value=0x0
PERF: core1: scoreboard stalls=8486754 (25%) (alu=12%, lsu=87%, csrs=0%, wctl=0%, fpu=0%)
[VXDRV] MPM_QUERY: hdevice=0x55a804acbfd0, addr=0xb07, core_id=1, value=0x85078
PERF: core1: operands stalls=544888 (1%)
[VXDRV] MPM_QUERY: hdevice=0x55a804acbfd0, addr=0xb0e, core_id=1, value=0x7b280a
PERF: core1: ifetches=8071178
[VXDRV] MPM_QUERY: hdevice=0x55a804acbfd0, addr=0xb11, core_id=1, value=0xd73e035
PERF: core1: ifetch latency=27 cycles
[VXDRV] MPM_QUERY: hdevice=0x55a804acbfd0, addr=0xb0f, core_id=1, value=0x82c2f0
PERF: core1: loads=8569584
[VXDRV] MPM_QUERY: hdevice=0x55a804acbfd0, addr=0xb12, core_id=1, value=0xdab18b4
PERF: core1: load latency=26 cycles
[VXDRV] MPM_QUERY: hdevice=0x55a804acbfd0, addr=0xb10, core_id=1, value=0x24519
PERF: core1: stores=148761
PERF: core1: instrs=32283564, cycles=33168826, IPC=0.973310
[VXDRV] MPM_QUERY: hdevice=0x55a804acbfd0, addr=0xb00, core_id=2, value=0x1f9f77a
[VXDRV] MPM_QUERY: hdevice=0x55a804acbfd0, addr=0xb02, core_id=2, value=0x1ec9bac
[VXDRV] MPM_QUERY: hdevice=0x55a804acbfd0, addr=0xb03, core_id=2, value=0x17ed017
PERF: core2: scheduler idle=25088023 (75%)
[VXDRV] MPM_QUERY: hdevice=0x55a804acbfd0, addr=0xb04, core_id=2, value=0x0
PERF: core2: scheduler stalls=0 (0%)
[VXDRV] MPM_QUERY: hdevice=0x55a804acbfd0, addr=0xb05, core_id=2, value=0x2cd82c
PERF: core2: ibuffer stalls=2938924 (8%)
[VXDRV] MPM_QUERY: hdevice=0x55a804acbfd0, addr=0xb06, core_id=2, value=0x812cac
[VXDRV] MPM_QUERY: hdevice=0x55a804acbfd0, addr=0xb08, core_id=2, value=0x7fc1c6
[VXDRV] MPM_QUERY: hdevice=0x55a804acbfd0, addr=0xb09, core_id=2, value=0x0
[VXDRV] MPM_QUERY: hdevice=0x55a804acbfd0, addr=0xb0a, core_id=2, value=0x3841c53
[VXDRV] MPM_QUERY: hdevice=0x55a804acbfd0, addr=0xb13, core_id=2, value=0x0
[VXDRV] MPM_QUERY: hdevice=0x55a804acbfd0, addr=0xb14, core_id=2, value=0x0
[VXDRV] MPM_QUERY: hdevice=0x55a804acbfd0, addr=0xb0c, core_id=2, value=0x44
[VXDRV] MPM_QUERY: hdevice=0x55a804acbfd0, addr=0xb0d, core_id=2, value=0x0
PERF: core2: scoreboard stalls=8465580 (25%) (alu=12%, lsu=87%, csrs=0%, wctl=0%, fpu=0%)
[VXDRV] MPM_QUERY: hdevice=0x55a804acbfd0, addr=0xb07, core_id=2, value=0x85078
PERF: core2: operands stalls=544888 (1%)
[VXDRV] MPM_QUERY: hdevice=0x55a804acbfd0, addr=0xb0e, core_id=2, value=0x7b280a
PERF: core2: ifetches=8071178
[VXDRV] MPM_QUERY: hdevice=0x55a804acbfd0, addr=0xb11, core_id=2, value=0xd759442
PERF: core2: ifetch latency=27 cycles
[VXDRV] MPM_QUERY: hdevice=0x55a804acbfd0, addr=0xb0f, core_id=2, value=0x82c2f0
PERF: core2: loads=8569584
[VXDRV] MPM_QUERY: hdevice=0x55a804acbfd0, addr=0xb12, core_id=2, value=0xdc9b27f
PERF: core2: load latency=26 cycles
[VXDRV] MPM_QUERY: hdevice=0x55a804acbfd0, addr=0xb10, core_id=2, value=0x24519
PERF: core2: stores=148761
PERF: core2: instrs=32283564, cycles=33159034, IPC=0.973598
[VXDRV] MPM_QUERY: hdevice=0x55a804acbfd0, addr=0xb00, core_id=3, value=0x1fa0716
[VXDRV] MPM_QUERY: hdevice=0x55a804acbfd0, addr=0xb02, core_id=3, value=0x1ec9bac
[VXDRV] MPM_QUERY: hdevice=0x55a804acbfd0, addr=0xb03, core_id=3, value=0x17edf88
PERF: core3: scheduler idle=25091976 (75%)
[VXDRV] MPM_QUERY: hdevice=0x55a804acbfd0, addr=0xb04, core_id=3, value=0x0
PERF: core3: scheduler stalls=0 (0%)
[VXDRV] MPM_QUERY: hdevice=0x55a804acbfd0, addr=0xb05, core_id=3, value=0x2d0e51
PERF: core3: ibuffer stalls=2952785 (8%)
[VXDRV] MPM_QUERY: hdevice=0x55a804acbfd0, addr=0xb06, core_id=3, value=0x81bc3e
[VXDRV] MPM_QUERY: hdevice=0x55a804acbfd0, addr=0xb08, core_id=3, value=0x807c72
[VXDRV] MPM_QUERY: hdevice=0x55a804acbfd0, addr=0xb09, core_id=3, value=0x0
[VXDRV] MPM_QUERY: hdevice=0x55a804acbfd0, addr=0xb0a, core_id=3, value=0x3898379
[VXDRV] MPM_QUERY: hdevice=0x55a804acbfd0, addr=0xb13, core_id=3, value=0x0
[VXDRV] MPM_QUERY: hdevice=0x55a804acbfd0, addr=0xb14, core_id=3, value=0x0
[VXDRV] MPM_QUERY: hdevice=0x55a804acbfd0, addr=0xb0c, core_id=3, value=0x5c
[VXDRV] MPM_QUERY: hdevice=0x55a804acbfd0, addr=0xb0d, core_id=3, value=0x0
PERF: core3: scoreboard stalls=8502334 (25%) (alu=12%, lsu=87%, csrs=0%, wctl=0%, fpu=0%)
[VXDRV] MPM_QUERY: hdevice=0x55a804acbfd0, addr=0xb07, core_id=3, value=0x85078
PERF: core3: operands stalls=544888 (1%)
[VXDRV] MPM_QUERY: hdevice=0x55a804acbfd0, addr=0xb0e, core_id=3, value=0x7b280a
PERF: core3: ifetches=8071178
[VXDRV] MPM_QUERY: hdevice=0x55a804acbfd0, addr=0xb11, core_id=3, value=0xd7495e0
PERF: core3: ifetch latency=27 cycles
[VXDRV] MPM_QUERY: hdevice=0x55a804acbfd0, addr=0xb0f, core_id=3, value=0x82c2f0
PERF: core3: loads=8569584
[VXDRV] MPM_QUERY: hdevice=0x55a804acbfd0, addr=0xb12, core_id=3, value=0xdb6ba23
PERF: core3: load latency=26 cycles
[VXDRV] MPM_QUERY: hdevice=0x55a804acbfd0, addr=0xb10, core_id=3, value=0x24519
PERF: core3: stores=148761
PERF: core3: instrs=32283564, cycles=33163030, IPC=0.973481
PERF: scheduler idle=100387444 (75%)
PERF: scheduler stalls=0 (0%)
PERF: ibuffer stalls=11823788 (8%)
PERF: scoreboard stalls=34033119 (25%) (alu=12%, lsu=87%, csrs=0%, wctl=0%, fpu=0%)
PERF: operands stalls=2179552 (1%)
PERF: ifetches=32284712
PERF: loads=34278336
PERF: stores=595044
PERF: ifetch latency=27 cycles
PERF: load latency=26 cycles
PERF: instrs=129134256, cycles=33180726, IPC=3.891845
[VXDRV] DEV_CLOSE: hdevice=0x55a804acbfd0
PASSED!
make: Leaving directory '/home/andyl/vortex/tests/regressions/dot8'
