make: Entering directory '/home/andyl/vortex/tests/regressions/dot8'
LD_LIBRARY_PATH=/home/andyl/vortex/runtime: VORTEX_DRIVER=simx ./dot8 -n256
open device connection
CONFIGS: num_threads=8, num_warps=4, num_cores=4, num_clusters=1, socket_size=4, local_mem_base=0xffff0000, num_barriers=2
[VXDRV] DEV_OPEN: hdevice=0x557d25471fd0
[VXDRV] DCR_WRITE: hdevice=0x557d25471fd0, addr=0x1, value=0x80000000
[VXDRV] DCR_WRITE: hdevice=0x557d25471fd0, addr=0x2, value=0x0
[VXDRV] DCR_WRITE: hdevice=0x557d25471fd0, addr=0x3, value=0x0
[VXDRV] DCR_WRITE: hdevice=0x557d25471fd0, addr=0x4, value=0x0
[VXDRV] DCR_WRITE: hdevice=0x557d25471fd0, addr=0x5, value=0x0
data type: integer
matrix size: 256x256
allocate device memory
[VXDRV] [RT:mem_alloc] size: 0x10000, asize, 0x10000,flag : 0x1
[VXDRV] MEM_ALLOC: hdevice=0x557d25471fd0, size=65536, flags=0x1, hbuffer=0x557d25603970
[VXDRV] MEM_ADDRESS: hbuffer=0x557d25603970, address=0x10000
[VXDRV] [RT:mem_alloc] size: 0x10000, asize, 0x10000,flag : 0x1
[VXDRV] MEM_ALLOC: hdevice=0x557d25471fd0, size=65536, flags=0x1, hbuffer=0x557d25603a60
[VXDRV] MEM_ADDRESS: hbuffer=0x557d25603a60, address=0x20000
[VXDRV] [RT:mem_alloc] size: 0x40000, asize, 0x40000,flag : 0x2
[VXDRV] MEM_ALLOC: hdevice=0x557d25471fd0, size=262144, flags=0x2, hbuffer=0x557d25603b10
[VXDRV] MEM_ADDRESS: hbuffer=0x557d25603b10, address=0x30000
A_addr=0x10000
B_addr=0x20000
C_addr=0x30000
upload matrix A buffer
[VXDRV] COPY_TO_DEV: hbuffer=0x557d25603970, host_addr=0x557d25603b30, dst_offset=0, size=65536
upload matrix B buffer
[VXDRV] COPY_TO_DEV: hbuffer=0x557d25603a60, host_addr=0x557d25613b40, dst_offset=0, size=65536
Upload kernel binary
[VXDRV] [RT:mem_reserve] addr: 0x80000000, asize:0x73a4, size: 0x73a4
[VXDRV] MEM_RESERVE: hdevice=0x557d25471fd0, address=0x80000000, size=29604, flags=0x0, hbuffer=0x557d2564dab0
[VXDRV] MEM_ACCESS: hbuffer=0x557d2564dab0, offset=0, size=29576, flags=1
[VXDRV] MEM_ACCESS: hbuffer=0x557d2564dab0, offset=29576, size=28, flags=3
[VXDRV] COPY_TO_DEV: hbuffer=0x557d2564dab0, host_addr=0x557d25646690, dst_offset=0, size=29576
upload kernel argument
[VXDRV] [RT:mem_alloc] size: 0x28, asize, 0x28,flag : 0x1
[VXDRV] MEM_ALLOC: hdevice=0x557d25471fd0, size=40, flags=0x1, hbuffer=0x557d25644790
[VXDRV] COPY_TO_DEV: hbuffer=0x557d25644790, host_addr=0x557d24ff21a0, dst_offset=0, size=40
start device
[VXDRV] DCR_WRITE: hdevice=0x557d25471fd0, addr=0x5, value=0x1
[VXDRV] START: hdevice=0x557d25471fd0, hkernel=0x557d2564dab0, harguments=0x557d25644790
wait for completion
[VXDRV] READY_WAIT: hdevice=0x557d25471fd0, timeout=86400000
Elapsed time: 2.33632e+07 ms
download destination buffer
[VXDRV] COPY_FROM_DEV: hbuffer=0x557d25603b10, host_addr=0x7fb984b81010, src_offset=0, size=262144
verify result
cleanup
[VXDRV] MEM_FREE: hbuffer=0x557d25603970
[VXDRV] MEM_FREE: hbuffer=0x557d25603a60
[VXDRV] MEM_FREE: hbuffer=0x557d25603b10
[VXDRV] MEM_FREE: hbuffer=0x557d2564dab0
[VXDRV] MEM_FREE: hbuffer=0x557d25644790
[VXDRV] DEV_CAPS: hdevice=0x557d25471fd0, caps_id=3, value=4
[VXDRV] DEV_CAPS: hdevice=0x557d25471fd0, caps_id=7, value=220126515488
[VXDRV] DEV_CAPS: hdevice=0x557d25471fd0, caps_id=8, value=2
[VXDRV] MPM_QUERY: hdevice=0x557d25471fd0, addr=0xb00, core_id=0, value=0x122b4ac
[VXDRV] MPM_QUERY: hdevice=0x557d25471fd0, addr=0xb02, core_id=0, value=0x1ec9b9c
[VXDRV] MPM_QUERY: hdevice=0x557d25471fd0, addr=0xb03, core_id=0, value=0xe520bb
PERF: core0: scheduler idle=15016123 (78%)
[VXDRV] MPM_QUERY: hdevice=0x557d25471fd0, addr=0xb04, core_id=0, value=0x0
PERF: core0: scheduler stalls=0 (0%)
[VXDRV] MPM_QUERY: hdevice=0x557d25471fd0, addr=0xb05, core_id=0, value=0x3c4822
PERF: core0: ibuffer stalls=3950626 (20%)
[VXDRV] MPM_QUERY: hdevice=0x557d25471fd0, addr=0xb06, core_id=0, value=0x758bef
[VXDRV] MPM_QUERY: hdevice=0x557d25471fd0, addr=0xb08, core_id=0, value=0x505812
[VXDRV] MPM_QUERY: hdevice=0x557d25471fd0, addr=0xb09, core_id=0, value=0x0
[VXDRV] MPM_QUERY: hdevice=0x557d25471fd0, addr=0xb0a, core_id=0, value=0x1c91d5e
[VXDRV] MPM_QUERY: hdevice=0x557d25471fd0, addr=0xb13, core_id=0, value=0x0
[VXDRV] MPM_QUERY: hdevice=0x557d25471fd0, addr=0xb14, core_id=0, value=0x0
[VXDRV] MPM_QUERY: hdevice=0x557d25471fd0, addr=0xb0c, core_id=0, value=0x27
[VXDRV] MPM_QUERY: hdevice=0x557d25471fd0, addr=0xb0d, core_id=0, value=0x0
PERF: core0: scoreboard stalls=7703535 (40%) (alu=14%, lsu=85%, csrs=0%, wctl=0%, fpu=0%)
[VXDRV] MPM_QUERY: hdevice=0x557d25471fd0, addr=0xb07, core_id=0, value=0x42844
PERF: core0: operands stalls=272452 (1%)
[VXDRV] MPM_QUERY: hdevice=0x557d25471fd0, addr=0xb0e, core_id=0, value=0x3d949e
PERF: core0: ifetches=4035742
[VXDRV] MPM_QUERY: hdevice=0x557d25471fd0, addr=0xb11, core_id=0, value=0x3100358
PERF: core0: ifetch latency=12 cycles
[VXDRV] MPM_QUERY: hdevice=0x557d25471fd0, addr=0xb0f, core_id=0, value=0x82c2f0
PERF: core0: loads=8569584
[VXDRV] MPM_QUERY: hdevice=0x557d25471fd0, addr=0xb12, core_id=0, value=0xe800b10
PERF: core0: load latency=28 cycles
[VXDRV] MPM_QUERY: hdevice=0x557d25471fd0, addr=0xb10, core_id=0, value=0x24515
PERF: core0: stores=148757
PERF: core0: instrs=32283548, cycles=19051692, IPC=1.694524
[VXDRV] MPM_QUERY: hdevice=0x557d25471fd0, addr=0xb00, core_id=1, value=0x122b4ad
[VXDRV] MPM_QUERY: hdevice=0x557d25471fd0, addr=0xb02, core_id=1, value=0x1ec9b9c
[VXDRV] MPM_QUERY: hdevice=0x557d25471fd0, addr=0xb03, core_id=1, value=0xe520bc
PERF: core1: scheduler idle=15016124 (78%)
[VXDRV] MPM_QUERY: hdevice=0x557d25471fd0, addr=0xb04, core_id=1, value=0x0
PERF: core1: scheduler stalls=0 (0%)
[VXDRV] MPM_QUERY: hdevice=0x557d25471fd0, addr=0xb05, core_id=1, value=0x3c43b0
PERF: core1: ibuffer stalls=3949488 (20%)
[VXDRV] MPM_QUERY: hdevice=0x557d25471fd0, addr=0xb06, core_id=1, value=0x75e053
[VXDRV] MPM_QUERY: hdevice=0x557d25471fd0, addr=0xb08, core_id=1, value=0x50caba
[VXDRV] MPM_QUERY: hdevice=0x557d25471fd0, addr=0xb09, core_id=1, value=0x0
[VXDRV] MPM_QUERY: hdevice=0x557d25471fd0, addr=0xb0a, core_id=1, value=0x1cb00b4
[VXDRV] MPM_QUERY: hdevice=0x557d25471fd0, addr=0xb13, core_id=1, value=0x0
[VXDRV] MPM_QUERY: hdevice=0x557d25471fd0, addr=0xb14, core_id=1, value=0x0
[VXDRV] MPM_QUERY: hdevice=0x557d25471fd0, addr=0xb0c, core_id=1, value=0x27
[VXDRV] MPM_QUERY: hdevice=0x557d25471fd0, addr=0xb0d, core_id=1, value=0x0
PERF: core1: scoreboard stalls=7725139 (40%) (alu=14%, lsu=85%, csrs=0%, wctl=0%, fpu=0%)
[VXDRV] MPM_QUERY: hdevice=0x557d25471fd0, addr=0xb07, core_id=1, value=0x42844
PERF: core1: operands stalls=272452 (1%)
[VXDRV] MPM_QUERY: hdevice=0x557d25471fd0, addr=0xb0e, core_id=1, value=0x3d949e
PERF: core1: ifetches=4035742
[VXDRV] MPM_QUERY: hdevice=0x557d25471fd0, addr=0xb11, core_id=1, value=0x31010c3
PERF: core1: ifetch latency=12 cycles
[VXDRV] MPM_QUERY: hdevice=0x557d25471fd0, addr=0xb0f, core_id=1, value=0x82c2f0
PERF: core1: loads=8569584
[VXDRV] MPM_QUERY: hdevice=0x557d25471fd0, addr=0xb12, core_id=1, value=0xe91475e
PERF: core1: load latency=28 cycles
[VXDRV] MPM_QUERY: hdevice=0x557d25471fd0, addr=0xb10, core_id=1, value=0x24515
PERF: core1: stores=148757
PERF: core1: instrs=32283548, cycles=19051693, IPC=1.694524
[VXDRV] MPM_QUERY: hdevice=0x557d25471fd0, addr=0xb00, core_id=2, value=0x122b4aa
[VXDRV] MPM_QUERY: hdevice=0x557d25471fd0, addr=0xb02, core_id=2, value=0x1ec9b9c
[VXDRV] MPM_QUERY: hdevice=0x557d25471fd0, addr=0xb03, core_id=2, value=0xe520ba
PERF: core2: scheduler idle=15016122 (78%)
[VXDRV] MPM_QUERY: hdevice=0x557d25471fd0, addr=0xb04, core_id=2, value=0x0
PERF: core2: scheduler stalls=0 (0%)
[VXDRV] MPM_QUERY: hdevice=0x557d25471fd0, addr=0xb05, core_id=2, value=0x3c5255
PERF: core2: ibuffer stalls=3953237 (20%)
[VXDRV] MPM_QUERY: hdevice=0x557d25471fd0, addr=0xb06, core_id=2, value=0x766c7d
[VXDRV] MPM_QUERY: hdevice=0x557d25471fd0, addr=0xb08, core_id=2, value=0x513e15
[VXDRV] MPM_QUERY: hdevice=0x557d25471fd0, addr=0xb09, core_id=2, value=0x0
[VXDRV] MPM_QUERY: hdevice=0x557d25471fd0, addr=0xb0a, core_id=2, value=0x1cd05dc
[VXDRV] MPM_QUERY: hdevice=0x557d25471fd0, addr=0xb13, core_id=2, value=0x0
[VXDRV] MPM_QUERY: hdevice=0x557d25471fd0, addr=0xb14, core_id=2, value=0x0
[VXDRV] MPM_QUERY: hdevice=0x557d25471fd0, addr=0xb0c, core_id=2, value=0x28
[VXDRV] MPM_QUERY: hdevice=0x557d25471fd0, addr=0xb0d, core_id=2, value=0x0
PERF: core2: scoreboard stalls=7761021 (40%) (alu=14%, lsu=85%, csrs=0%, wctl=0%, fpu=0%)
[VXDRV] MPM_QUERY: hdevice=0x557d25471fd0, addr=0xb07, core_id=2, value=0x42844
PERF: core2: operands stalls=272452 (1%)
[VXDRV] MPM_QUERY: hdevice=0x557d25471fd0, addr=0xb0e, core_id=2, value=0x3d949e
PERF: core2: ifetches=4035742
[VXDRV] MPM_QUERY: hdevice=0x557d25471fd0, addr=0xb11, core_id=2, value=0x30ff02b
PERF: core2: ifetch latency=12 cycles
[VXDRV] MPM_QUERY: hdevice=0x557d25471fd0, addr=0xb0f, core_id=2, value=0x82c2f0
PERF: core2: loads=8569584
[VXDRV] MPM_QUERY: hdevice=0x557d25471fd0, addr=0xb12, core_id=2, value=0xe95d291
PERF: core2: load latency=28 cycles
[VXDRV] MPM_QUERY: hdevice=0x557d25471fd0, addr=0xb10, core_id=2, value=0x24515
PERF: core2: stores=148757
PERF: core2: instrs=32283548, cycles=19051690, IPC=1.694524
[VXDRV] MPM_QUERY: hdevice=0x557d25471fd0, addr=0xb00, core_id=3, value=0x1267e04
[VXDRV] MPM_QUERY: hdevice=0x557d25471fd0, addr=0xb02, core_id=3, value=0x1ec9b9c
[VXDRV] MPM_QUERY: hdevice=0x557d25471fd0, addr=0xb03, core_id=3, value=0xe8e9e2
PERF: core3: scheduler idle=15264226 (79%)
[VXDRV] MPM_QUERY: hdevice=0x557d25471fd0, addr=0xb04, core_id=3, value=0x0
PERF: core3: scheduler stalls=0 (0%)
[VXDRV] MPM_QUERY: hdevice=0x557d25471fd0, addr=0xb05, core_id=3, value=0x417010
PERF: core3: ibuffer stalls=4288528 (22%)
[VXDRV] MPM_QUERY: hdevice=0x557d25471fd0, addr=0xb06, core_id=3, value=0x833b90
[VXDRV] MPM_QUERY: hdevice=0x557d25471fd0, addr=0xb08, core_id=3, value=0x589ccb
[VXDRV] MPM_QUERY: hdevice=0x557d25471fd0, addr=0xb09, core_id=3, value=0x0
[VXDRV] MPM_QUERY: hdevice=0x557d25471fd0, addr=0xb0a, core_id=3, value=0x206d2d5
[VXDRV] MPM_QUERY: hdevice=0x557d25471fd0, addr=0xb13, core_id=3, value=0x0
[VXDRV] MPM_QUERY: hdevice=0x557d25471fd0, addr=0xb14, core_id=3, value=0x0
[VXDRV] MPM_QUERY: hdevice=0x557d25471fd0, addr=0xb0c, core_id=3, value=0x2e
[VXDRV] MPM_QUERY: hdevice=0x557d25471fd0, addr=0xb0d, core_id=3, value=0x0
PERF: core3: scoreboard stalls=8600464 (44%) (alu=14%, lsu=85%, csrs=0%, wctl=0%, fpu=0%)
[VXDRV] MPM_QUERY: hdevice=0x557d25471fd0, addr=0xb07, core_id=3, value=0x42844
PERF: core3: operands stalls=272452 (1%)
[VXDRV] MPM_QUERY: hdevice=0x557d25471fd0, addr=0xb0e, core_id=3, value=0x3d949e
PERF: core3: ifetches=4035742
[VXDRV] MPM_QUERY: hdevice=0x557d25471fd0, addr=0xb11, core_id=3, value=0x30d3dd9
PERF: core3: ifetch latency=12 cycles
[VXDRV] MPM_QUERY: hdevice=0x557d25471fd0, addr=0xb0f, core_id=3, value=0x82c2f0
PERF: core3: loads=8569584
[VXDRV] MPM_QUERY: hdevice=0x557d25471fd0, addr=0xb12, core_id=3, value=0xf8ddc3e
PERF: core3: load latency=30 cycles
[VXDRV] MPM_QUERY: hdevice=0x557d25471fd0, addr=0xb10, core_id=3, value=0x24515
PERF: core3: stores=148757
PERF: core3: instrs=32283548, cycles=19299844, IPC=1.672736
PERF: scheduler idle=60312595 (78%)
PERF: scheduler stalls=0 (0%)
PERF: ibuffer stalls=16141879 (21%)
PERF: scoreboard stalls=31790159 (41%) (alu=14%, lsu=85%, csrs=0%, wctl=0%, fpu=0%)
PERF: operands stalls=1089808 (1%)
PERF: ifetches=16142968
PERF: loads=34278336
PERF: stores=595028
PERF: ifetch latency=12 cycles
PERF: load latency=28 cycles
PERF: instrs=129134192, cycles=19299844, IPC=6.690945
[VXDRV] DEV_CLOSE: hdevice=0x557d25471fd0
PASSED!
make: Leaving directory '/home/andyl/vortex/tests/regressions/dot8'
