make: Entering directory '/home/andyl/vortex/tests/regressions/dot8_base'
LD_LIBRARY_PATH=/home/andyl/vortex/runtime: VORTEX_DRIVER=simx ./dot8_base -n256
open device connection
CONFIGS: num_threads=8, num_warps=4, num_cores=4, num_clusters=1, socket_size=4, local_mem_base=0xffff0000, num_barriers=2
[VXDRV] DEV_OPEN: hdevice=0x55ea61970fd0
[VXDRV] DCR_WRITE: hdevice=0x55ea61970fd0, addr=0x1, value=0x80000000
[VXDRV] DCR_WRITE: hdevice=0x55ea61970fd0, addr=0x2, value=0x0
[VXDRV] DCR_WRITE: hdevice=0x55ea61970fd0, addr=0x3, value=0x0
[VXDRV] DCR_WRITE: hdevice=0x55ea61970fd0, addr=0x4, value=0x0
[VXDRV] DCR_WRITE: hdevice=0x55ea61970fd0, addr=0x5, value=0x0
data type: float
matrix size: 256x256
allocate device memory
[VXDRV] [RT:mem_alloc] size: 0x40000, asize, 0x40000,flag : 0x1
[VXDRV] MEM_ALLOC: hdevice=0x55ea61970fd0, size=262144, flags=0x1, hbuffer=0x55ea61b02970
[VXDRV] MEM_ADDRESS: hbuffer=0x55ea61b02970, address=0x10000
[VXDRV] [RT:mem_alloc] size: 0x40000, asize, 0x40000,flag : 0x1
[VXDRV] MEM_ALLOC: hdevice=0x55ea61970fd0, size=262144, flags=0x1, hbuffer=0x55ea61b02a60
[VXDRV] MEM_ADDRESS: hbuffer=0x55ea61b02a60, address=0x50000
[VXDRV] [RT:mem_alloc] size: 0x40000, asize, 0x40000,flag : 0x2
[VXDRV] MEM_ALLOC: hdevice=0x55ea61970fd0, size=262144, flags=0x2, hbuffer=0x55ea61b02b10
[VXDRV] MEM_ADDRESS: hbuffer=0x55ea61b02b10, address=0x90000
A_addr=0x10000
B_addr=0x50000
C_addr=0x90000
upload matrix A buffer
[VXDRV] COPY_TO_DEV: hbuffer=0x55ea61b02970, host_addr=0x7f03eba30010, dst_offset=0, size=262144
upload matrix B buffer
[VXDRV] COPY_TO_DEV: hbuffer=0x55ea61b02a60, host_addr=0x7f03eb9ef010, dst_offset=0, size=262144
Upload kernel binary
[VXDRV] [RT:mem_reserve] addr: 0x80000000, asize:0x72c4, size: 0x72c4
[VXDRV] MEM_RESERVE: hdevice=0x55ea61970fd0, address=0x80000000, size=29380, flags=0x0, hbuffer=0x55ea61b8e5e0
[VXDRV] MEM_ACCESS: hbuffer=0x55ea61b8e5e0, offset=0, size=29352, flags=1
[VXDRV] MEM_ACCESS: hbuffer=0x55ea61b8e5e0, offset=29352, size=28, flags=3
[VXDRV] COPY_TO_DEV: hbuffer=0x55ea61b8e5e0, host_addr=0x55ea61b872a0, dst_offset=0, size=29352
upload kernel argument
[VXDRV] [RT:mem_alloc] size: 0x28, asize, 0x28,flag : 0x1
[VXDRV] MEM_ALLOC: hdevice=0x55ea61970fd0, size=40, flags=0x1, hbuffer=0x55ea61b853a0
[VXDRV] COPY_TO_DEV: hbuffer=0x55ea61b853a0, host_addr=0x55ea612841a0, dst_offset=0, size=40
start device
[VXDRV] DCR_WRITE: hdevice=0x55ea61970fd0, addr=0x5, value=0x1
[VXDRV] START: hdevice=0x55ea61970fd0, hkernel=0x55ea61b8e5e0, harguments=0x55ea61b853a0
wait for completion
[VXDRV] READY_WAIT: hdevice=0x55ea61970fd0, timeout=86400000
Elapsed time: 1.41326e+06 ms
download destination buffer
[VXDRV] COPY_FROM_DEV: hbuffer=0x55ea61b02b10, host_addr=0x7f03eb9ae010, src_offset=0, size=262144
verify result
cleanup
[VXDRV] MEM_FREE: hbuffer=0x55ea61b02970
[VXDRV] MEM_FREE: hbuffer=0x55ea61b02a60
[VXDRV] MEM_FREE: hbuffer=0x55ea61b02b10
[VXDRV] MEM_FREE: hbuffer=0x55ea61b8e5e0
[VXDRV] MEM_FREE: hbuffer=0x55ea61b853a0
[VXDRV] DEV_CAPS: hdevice=0x55ea61970fd0, caps_id=3, value=4
[VXDRV] DEV_CAPS: hdevice=0x55ea61970fd0, caps_id=7, value=220126515488
[VXDRV] DEV_CAPS: hdevice=0x55ea61970fd0, caps_id=8, value=2
[VXDRV] MPM_QUERY: hdevice=0x55ea61970fd0, addr=0xb00, core_id=0, value=0x134726e
[VXDRV] MPM_QUERY: hdevice=0x55ea61970fd0, addr=0xb02, core_id=0, value=0x1c99b9c
[VXDRV] MPM_QUERY: hdevice=0x55ea61970fd0, addr=0xb03, core_id=0, value=0xfb3e4c
PERF: core0: scheduler idle=16465484 (81%)
[VXDRV] MPM_QUERY: hdevice=0x55ea61970fd0, addr=0xb04, core_id=0, value=0x0
PERF: core0: scheduler stalls=0 (0%)
[VXDRV] MPM_QUERY: hdevice=0x55ea61970fd0, addr=0xb05, core_id=0, value=0x7df787
PERF: core0: ibuffer stalls=8255367 (40%)
[VXDRV] MPM_QUERY: hdevice=0x55ea61970fd0, addr=0xb06, core_id=0, value=0xf6cb79
[VXDRV] MPM_QUERY: hdevice=0x55ea61970fd0, addr=0xb08, core_id=0, value=0x2e2ec5
[VXDRV] MPM_QUERY: hdevice=0x55ea61970fd0, addr=0xb09, core_id=0, value=0x680
[VXDRV] MPM_QUERY: hdevice=0x55ea61970fd0, addr=0xb0a, core_id=0, value=0x40bfddc
[VXDRV] MPM_QUERY: hdevice=0x55ea61970fd0, addr=0xb13, core_id=0, value=0x0
[VXDRV] MPM_QUERY: hdevice=0x55ea61970fd0, addr=0xb14, core_id=0, value=0x0
[VXDRV] MPM_QUERY: hdevice=0x55ea61970fd0, addr=0xb0c, core_id=0, value=0x30
[VXDRV] MPM_QUERY: hdevice=0x55ea61970fd0, addr=0xb0d, core_id=0, value=0x0
PERF: core0: scoreboard stalls=16173945 (80%) (alu=4%, lsu=95%, csrs=0%, wctl=0%, fpu=0%)
[VXDRV] MPM_QUERY: hdevice=0x55ea61970fd0, addr=0xb07, core_id=0, value=0x2044
PERF: core0: operands stalls=8260 (0%)
[VXDRV] MPM_QUERY: hdevice=0x55ea61970fd0, addr=0xb0e, core_id=0, value=0x39349e
PERF: core0: ifetches=3749022
[VXDRV] MPM_QUERY: hdevice=0x55ea61970fd0, addr=0xb11, core_id=0, value=0x21e0ef1
PERF: core0: ifetch latency=9 cycles
[VXDRV] MPM_QUERY: hdevice=0x55ea61970fd0, addr=0xb0f, core_id=0, value=0x81c2f0
PERF: core0: loads=8504048
[VXDRV] MPM_QUERY: hdevice=0x55ea61970fd0, addr=0xb12, core_id=0, value=0x128c7322
PERF: core0: load latency=36 cycles
[VXDRV] MPM_QUERY: hdevice=0x55ea61970fd0, addr=0xb10, core_id=0, value=0x14515
PERF: core0: stores=83221
PERF: core0: instrs=29989788, cycles=20214382, IPC=1.483587
[VXDRV] MPM_QUERY: hdevice=0x55ea61970fd0, addr=0xb00, core_id=1, value=0x1334b92
[VXDRV] MPM_QUERY: hdevice=0x55ea61970fd0, addr=0xb02, core_id=1, value=0x1c99b9c
[VXDRV] MPM_QUERY: hdevice=0x55ea61970fd0, addr=0xb03, core_id=1, value=0xfa1770
PERF: core1: scheduler idle=16390000 (81%)
[VXDRV] MPM_QUERY: hdevice=0x55ea61970fd0, addr=0xb04, core_id=1, value=0x0
PERF: core1: scheduler stalls=0 (0%)
[VXDRV] MPM_QUERY: hdevice=0x55ea61970fd0, addr=0xb05, core_id=1, value=0x7de158
PERF: core1: ibuffer stalls=8249688 (40%)
[VXDRV] MPM_QUERY: hdevice=0x55ea61970fd0, addr=0xb06, core_id=1, value=0xf7318c
[VXDRV] MPM_QUERY: hdevice=0x55ea61970fd0, addr=0xb08, core_id=1, value=0x2f39cd
[VXDRV] MPM_QUERY: hdevice=0x55ea61970fd0, addr=0xb09, core_id=1, value=0x67c
[VXDRV] MPM_QUERY: hdevice=0x55ea61970fd0, addr=0xb0a, core_id=1, value=0x400794d
[VXDRV] MPM_QUERY: hdevice=0x55ea61970fd0, addr=0xb13, core_id=1, value=0x0
[VXDRV] MPM_QUERY: hdevice=0x55ea61970fd0, addr=0xb14, core_id=1, value=0x0
[VXDRV] MPM_QUERY: hdevice=0x55ea61970fd0, addr=0xb0c, core_id=1, value=0x2b
[VXDRV] MPM_QUERY: hdevice=0x55ea61970fd0, addr=0xb0d, core_id=1, value=0x0
PERF: core1: scoreboard stalls=16200076 (80%) (alu=4%, lsu=95%, csrs=0%, wctl=0%, fpu=0%)
[VXDRV] MPM_QUERY: hdevice=0x55ea61970fd0, addr=0xb07, core_id=1, value=0x2044
PERF: core1: operands stalls=8260 (0%)
[VXDRV] MPM_QUERY: hdevice=0x55ea61970fd0, addr=0xb0e, core_id=1, value=0x39349e
PERF: core1: ifetches=3749022
[VXDRV] MPM_QUERY: hdevice=0x55ea61970fd0, addr=0xb11, core_id=1, value=0x21d821c
PERF: core1: ifetch latency=9 cycles
[VXDRV] MPM_QUERY: hdevice=0x55ea61970fd0, addr=0xb0f, core_id=1, value=0x81c2f0
PERF: core1: loads=8504048
[VXDRV] MPM_QUERY: hdevice=0x55ea61970fd0, addr=0xb12, core_id=1, value=0x12a81a2d
PERF: core1: load latency=36 cycles
[VXDRV] MPM_QUERY: hdevice=0x55ea61970fd0, addr=0xb10, core_id=1, value=0x14515
PERF: core1: stores=83221
PERF: core1: instrs=29989788, cycles=20138898, IPC=1.489147
[VXDRV] MPM_QUERY: hdevice=0x55ea61970fd0, addr=0xb00, core_id=2, value=0x1334b8f
[VXDRV] MPM_QUERY: hdevice=0x55ea61970fd0, addr=0xb02, core_id=2, value=0x1c99b9c
[VXDRV] MPM_QUERY: hdevice=0x55ea61970fd0, addr=0xb03, core_id=2, value=0xfa176d
PERF: core2: scheduler idle=16389997 (81%)
[VXDRV] MPM_QUERY: hdevice=0x55ea61970fd0, addr=0xb04, core_id=2, value=0x0
PERF: core2: scheduler stalls=0 (0%)
[VXDRV] MPM_QUERY: hdevice=0x55ea61970fd0, addr=0xb05, core_id=2, value=0x7d7b90
PERF: core2: ibuffer stalls=8223632 (40%)
[VXDRV] MPM_QUERY: hdevice=0x55ea61970fd0, addr=0xb06, core_id=2, value=0xf7ac86
[VXDRV] MPM_QUERY: hdevice=0x55ea61970fd0, addr=0xb08, core_id=2, value=0x2f74be
[VXDRV] MPM_QUERY: hdevice=0x55ea61970fd0, addr=0xb09, core_id=2, value=0x698
[VXDRV] MPM_QUERY: hdevice=0x55ea61970fd0, addr=0xb0a, core_id=2, value=0x402590a
[VXDRV] MPM_QUERY: hdevice=0x55ea61970fd0, addr=0xb13, core_id=2, value=0x0
[VXDRV] MPM_QUERY: hdevice=0x55ea61970fd0, addr=0xb14, core_id=2, value=0x0
[VXDRV] MPM_QUERY: hdevice=0x55ea61970fd0, addr=0xb0c, core_id=2, value=0x2c
[VXDRV] MPM_QUERY: hdevice=0x55ea61970fd0, addr=0xb0d, core_id=2, value=0x0
PERF: core2: scoreboard stalls=16231558 (80%) (alu=4%, lsu=95%, csrs=0%, wctl=0%, fpu=0%)
[VXDRV] MPM_QUERY: hdevice=0x55ea61970fd0, addr=0xb07, core_id=2, value=0x2044
PERF: core2: operands stalls=8260 (0%)
[VXDRV] MPM_QUERY: hdevice=0x55ea61970fd0, addr=0xb0e, core_id=2, value=0x39349e
PERF: core2: ifetches=3749022
[VXDRV] MPM_QUERY: hdevice=0x55ea61970fd0, addr=0xb11, core_id=2, value=0x21d3098
PERF: core2: ifetch latency=9 cycles
[VXDRV] MPM_QUERY: hdevice=0x55ea61970fd0, addr=0xb0f, core_id=2, value=0x81c2f0
PERF: core2: loads=8504048
[VXDRV] MPM_QUERY: hdevice=0x55ea61970fd0, addr=0xb12, core_id=2, value=0x12a8ed4f
PERF: core2: load latency=36 cycles
[VXDRV] MPM_QUERY: hdevice=0x55ea61970fd0, addr=0xb10, core_id=2, value=0x14515
PERF: core2: stores=83221
PERF: core2: instrs=29989788, cycles=20138895, IPC=1.489148
[VXDRV] MPM_QUERY: hdevice=0x55ea61970fd0, addr=0xb00, core_id=3, value=0x1334b90
[VXDRV] MPM_QUERY: hdevice=0x55ea61970fd0, addr=0xb02, core_id=3, value=0x1c99b9c
[VXDRV] MPM_QUERY: hdevice=0x55ea61970fd0, addr=0xb03, core_id=3, value=0xfa176e
PERF: core3: scheduler idle=16389998 (81%)
[VXDRV] MPM_QUERY: hdevice=0x55ea61970fd0, addr=0xb04, core_id=3, value=0x0
PERF: core3: scheduler stalls=0 (0%)
[VXDRV] MPM_QUERY: hdevice=0x55ea61970fd0, addr=0xb05, core_id=3, value=0x7d9b5b
PERF: core3: ibuffer stalls=8231771 (40%)
[VXDRV] MPM_QUERY: hdevice=0x55ea61970fd0, addr=0xb06, core_id=3, value=0xf67f1e
[VXDRV] MPM_QUERY: hdevice=0x55ea61970fd0, addr=0xb08, core_id=3, value=0x2e907c
[VXDRV] MPM_QUERY: hdevice=0x55ea61970fd0, addr=0xb09, core_id=3, value=0x66a
[VXDRV] MPM_QUERY: hdevice=0x55ea61970fd0, addr=0xb0a, core_id=3, value=0x3fcd829
[VXDRV] MPM_QUERY: hdevice=0x55ea61970fd0, addr=0xb13, core_id=3, value=0x0
[VXDRV] MPM_QUERY: hdevice=0x55ea61970fd0, addr=0xb14, core_id=3, value=0x0
[VXDRV] MPM_QUERY: hdevice=0x55ea61970fd0, addr=0xb0c, core_id=3, value=0x2c
[VXDRV] MPM_QUERY: hdevice=0x55ea61970fd0, addr=0xb0d, core_id=3, value=0x0
PERF: core3: scoreboard stalls=16154398 (80%) (alu=4%, lsu=95%, csrs=0%, wctl=0%, fpu=0%)
[VXDRV] MPM_QUERY: hdevice=0x55ea61970fd0, addr=0xb07, core_id=3, value=0x2044
PERF: core3: operands stalls=8260 (0%)
[VXDRV] MPM_QUERY: hdevice=0x55ea61970fd0, addr=0xb0e, core_id=3, value=0x39349e
PERF: core3: ifetches=3749022
[VXDRV] MPM_QUERY: hdevice=0x55ea61970fd0, addr=0xb11, core_id=3, value=0x21db66c
PERF: core3: ifetch latency=9 cycles
[VXDRV] MPM_QUERY: hdevice=0x55ea61970fd0, addr=0xb0f, core_id=3, value=0x81c2f0
PERF: core3: loads=8504048
[VXDRV] MPM_QUERY: hdevice=0x55ea61970fd0, addr=0xb12, core_id=3, value=0x1295eef4
PERF: core3: load latency=36 cycles
[VXDRV] MPM_QUERY: hdevice=0x55ea61970fd0, addr=0xb10, core_id=3, value=0x14515
PERF: core3: stores=83221
PERF: core3: instrs=29989788, cycles=20138896, IPC=1.489148
PERF: scheduler idle=65635479 (81%)
PERF: scheduler stalls=0 (0%)
PERF: ibuffer stalls=32960458 (40%)
PERF: scoreboard stalls=64759977 (80%) (alu=4%, lsu=95%, csrs=0%, wctl=0%, fpu=0%)
PERF: operands stalls=33040 (0%)
PERF: ifetches=14996088
PERF: loads=34016192
PERF: stores=332884
PERF: ifetch latency=9 cycles
PERF: load latency=36 cycles
PERF: instrs=119959152, cycles=20214382, IPC=5.934347
[VXDRV] DEV_CLOSE: hdevice=0x55ea61970fd0
PASSED!
make: Leaving directory '/home/andyl/vortex/tests/regressions/dot8_base'
